<?xml version="1.0" encoding="UTF-8"?>
<!-- Generated by org.testng.reporters.JUnitReportReporter -->
<testsuite hostname="DESKTOP-LHDMN2A" failures="0" tests="3" name="swaglab.AddRandomITem" time="1.472" errors="0" timestamp="2025-10-19T18:30:49 EET" skipped="1">
  <testcase classname="swaglab.AddRandomITem" name="LoginWithNormalUser" time="0.846"/>
  <testcase classname="swaglab.AddRandomITem" name="RandomItem" time="0.626"/>
  <testcase classname="swaglab.AddRandomITem" name="AddRandomItem">
    <skipped/>
  </testcase> <!-- AddRandomItem -->
</testsuite> <!-- swaglab.AddRandomITem -->
