<?xml version="1.0" encoding="UTF-8"?>
<!-- Generated by org.testng.reporters.JUnitReportReporter -->
<testsuite hostname="DESKTOP-LHDMN2A" failures="0" tests="3" name="swaglab.MyTestCases" time="5.346" errors="0" timestamp="2025-10-14T01:11:12 EET" skipped="0">
  <testcase classname="swaglab.MyTestCases" name="login" time="1.501"/>
  <testcase classname="swaglab.MyTestCases" name="AddItem" time="0.467"/>
  <testcase classname="swaglab.MyTestCases" name="CheckoutProcess" time="3.378"/>
</testsuite> <!-- swaglab.MyTestCases -->
