<?xml version="1.0" encoding="UTF-8"?>
<!-- Generated by org.testng.reporters.JUnitReportReporter -->
<testsuite hostname="DESKTOP-LHDMN2A" failures="0" tests="2" name="swaglab.AddRandomITem" time="1.059" errors="0" timestamp="2025-10-14T02:02:06 EET" skipped="0">
  <testcase classname="swaglab.AddRandomITem" name="LoginWithNormalUser" time="0.645"/>
  <testcase classname="swaglab.AddRandomITem" name="AddRandomItem" time="0.414"/>
</testsuite> <!-- swaglab.AddRandomITem -->
