<?xml version="1.0" encoding="UTF-8"?>
<!-- Generated by org.testng.reporters.JUnitReportReporter -->
<testsuite hostname="DESKTOP-LHDMN2A" failures="0" tests="3" name="swaglab.MyTestCases" time="4.541" errors="0" timestamp="2025-10-13T22:34:39 EET" skipped="0">
  <testcase classname="swaglab.MyTestCases" name="login" time="1.180"/>
  <testcase classname="swaglab.MyTestCases" name="AddItem" time="0.505"/>
  <testcase classname="swaglab.MyTestCases" name="CheckoutProcess" time="2.856"/>
</testsuite> <!-- swaglab.MyTestCases -->
